  ossProject.cpp
c:\users\ks\documents\oss_lecture13\ossproject\ossproject\ossproject.cpp(156): warning C4996: 'scanf': This function or variable may be unsafe. Consider using scanf_s instead. To disable deprecation, use _CRT_SECURE_NO_WARNINGS. See online help for details.
  c:\program files (x86)\windows kits\10\include\10.0.10240.0\ucrt\stdio.h(1270): note: 'scanf' 선언을 참조하십시오.
c:\users\ks\documents\oss_lecture13\ossproject\ossproject\ossproject.cpp(164): warning C4996: 'scanf': This function or variable may be unsafe. Consider using scanf_s instead. To disable deprecation, use _CRT_SECURE_NO_WARNINGS. See online help for details.
  c:\program files (x86)\windows kits\10\include\10.0.10240.0\ucrt\stdio.h(1270): note: 'scanf' 선언을 참조하십시오.
c:\users\ks\documents\oss_lecture13\ossproject\ossproject\ossproject.cpp(224): warning C4996: 'localtime': This function or variable may be unsafe. Consider using localtime_s instead. To disable deprecation, use _CRT_SECURE_NO_WARNINGS. See online help for details.
  c:\program files (x86)\windows kits\10\include\10.0.10240.0\ucrt\time.h(505): note: 'localtime' 선언을 참조하십시오.
c:\users\ks\documents\oss_lecture13\ossproject\ossproject\ossproject.cpp(231): warning C4996: 'getch': The POSIX name for this item is deprecated. Instead, use the ISO C and C++ conformant name: _getch. See online help for details.
  c:\program files (x86)\windows kits\10\include\10.0.10240.0\ucrt\conio.h(452): note: 'getch' 선언을 참조하십시오.
c:\users\ks\documents\oss_lecture13\ossproject\ossproject\ossproject.cpp(240): warning C4996: 'getch': The POSIX name for this item is deprecated. Instead, use the ISO C and C++ conformant name: _getch. See online help for details.
  c:\program files (x86)\windows kits\10\include\10.0.10240.0\ucrt\conio.h(452): note: 'getch' 선언을 참조하십시오.
c:\users\ks\documents\oss_lecture13\ossproject\ossproject\ossproject.cpp(269): warning C4996: 'scanf': This function or variable may be unsafe. Consider using scanf_s instead. To disable deprecation, use _CRT_SECURE_NO_WARNINGS. See online help for details.
  c:\program files (x86)\windows kits\10\include\10.0.10240.0\ucrt\stdio.h(1270): note: 'scanf' 선언을 참조하십시오.
c:\users\ks\documents\oss_lecture13\ossproject\ossproject\ossproject.cpp(278): warning C4996: 'scanf': This function or variable may be unsafe. Consider using scanf_s instead. To disable deprecation, use _CRT_SECURE_NO_WARNINGS. See online help for details.
  c:\program files (x86)\windows kits\10\include\10.0.10240.0\ucrt\stdio.h(1270): note: 'scanf' 선언을 참조하십시오.
c:\users\ks\documents\oss_lecture13\ossproject\ossproject\ossproject.cpp(298): warning C4996: 'fopen': This function or variable may be unsafe. Consider using fopen_s instead. To disable deprecation, use _CRT_SECURE_NO_WARNINGS. See online help for details.
  c:\program files (x86)\windows kits\10\include\10.0.10240.0\ucrt\stdio.h(205): note: 'fopen' 선언을 참조하십시오.
c:\users\ks\documents\oss_lecture13\ossproject\ossproject\ossproject.cpp(323): warning C4146: 단항 빼기 연산자가 부호 없는 형식에 적용되었습니다. 결과는 역시 unsigned입니다.
c:\users\ks\documents\oss_lecture13\ossproject\ossproject\ossproject.cpp(317): warning C4996: 'fopen': This function or variable may be unsafe. Consider using fopen_s instead. To disable deprecation, use _CRT_SECURE_NO_WARNINGS. See online help for details.
  c:\program files (x86)\windows kits\10\include\10.0.10240.0\ucrt\stdio.h(205): note: 'fopen' 선언을 참조하십시오.
c:\users\ks\documents\oss_lecture13\ossproject\ossproject\ossproject.cpp(319): warning C4996: 'getch': The POSIX name for this item is deprecated. Instead, use the ISO C and C++ conformant name: _getch. See online help for details.
  c:\program files (x86)\windows kits\10\include\10.0.10240.0\ucrt\conio.h(452): note: 'getch' 선언을 참조하십시오.
c:\users\ks\documents\oss_lecture13\ossproject\ossproject\ossproject.cpp(330): warning C4996: 'localtime': This function or variable may be unsafe. Consider using localtime_s instead. To disable deprecation, use _CRT_SECURE_NO_WARNINGS. See online help for details.
  c:\program files (x86)\windows kits\10\include\10.0.10240.0\ucrt\time.h(505): note: 'localtime' 선언을 참조하십시오.
c:\users\ks\documents\oss_lecture13\ossproject\ossproject\ossproject.cpp(331): warning C4996: 'localtime': This function or variable may be unsafe. Consider using localtime_s instead. To disable deprecation, use _CRT_SECURE_NO_WARNINGS. See online help for details.
  c:\program files (x86)\windows kits\10\include\10.0.10240.0\ucrt\time.h(505): note: 'localtime' 선언을 참조하십시오.
c:\users\ks\documents\oss_lecture13\ossproject\ossproject\ossproject.cpp(355): warning C4996: 'localtime': This function or variable may be unsafe. Consider using localtime_s instead. To disable deprecation, use _CRT_SECURE_NO_WARNINGS. See online help for details.
  c:\program files (x86)\windows kits\10\include\10.0.10240.0\ucrt\time.h(505): note: 'localtime' 선언을 참조하십시오.
c:\users\ks\documents\oss_lecture13\ossproject\ossproject\ossproject.cpp(359): warning C4996: 'getch': The POSIX name for this item is deprecated. Instead, use the ISO C and C++ conformant name: _getch. See online help for details.
  c:\program files (x86)\windows kits\10\include\10.0.10240.0\ucrt\conio.h(452): note: 'getch' 선언을 참조하십시오.
c:\users\ks\documents\oss_lecture13\ossproject\ossproject\ossproject.cpp(371): warning C4996: 'getch': The POSIX name for this item is deprecated. Instead, use the ISO C and C++ conformant name: _getch. See online help for details.
  c:\program files (x86)\windows kits\10\include\10.0.10240.0\ucrt\conio.h(452): note: 'getch' 선언을 참조하십시오.
  ossProject.vcxproj -> C:\Users\KS\Documents\OSS_Lecture13\ossProject\Debug\ossProject.exe
